{"uuid":"3419296f-3b47-4195-a76f-d1bb87b2ec5e","historyId":"14b2e31c253a70d44a84d76a19913d68","testCaseId":"1dcfdb5c84ab5bc7cd610a203b83ef8d","fullName":"src/test/resources/features/09UserValidation.feature:16","labels":[{"name":"tag","value":"buserpage"},{"name":"tag","value":"Userpagevalidation2"},{"name":"host","value":"ManasPC"},{"name":"thread","value":"6092@ManasPC.main(1)"},{"name":"feature","value":"User page1"},{"name":"story","value":"Validate the heading"},{"name":"suite","value":"User page1"},{"name":"testClass","value":"Validate the heading"},{"name":"framework","value":"cucumber4jvm"},{"name":"language","value":"java"},{"name":"gherkin_uri","value":"file:///C:/Numpy_Ninja_2024/Team2_Selenium_Apr2024/src/test/resources/features/09UserValidation.feature"},{"name":"package","value":"src.test.resources.features.09UserValidation_feature.User page1"}],"links":[],"name":"Validate the heading","status":"broken","statusDetails":{"known":false,"muted":false,"flaky":false,"message":"Element <span class=\"mat-button-wrapper\"> is not clickable at point (1157,32) because another element <div class=\"ng-tns-c132-3 p-dialog-mask p-component-overlay p-dialog-mask-scrollblocker ng-star-inserted\"> obscures it\nBuild info: version: '4.8.1', revision: '8ebccac989'\nSystem info: os.name: 'Windows 11', os.arch: 'amd64', os.version: '10.0', java.version: '19.0.2'\nDriver info: org.openqa.selenium.firefox.FirefoxDriver\nCommand: [91445cc8-bdb9-4291-8846-7baf93e763e6, clickElement {id=28e9a80b-7057-47df-9225-ac5efdcf4df1}]\nCapabilities {acceptInsecureCerts: true, browserName: firefox, browserVersion: 125.0.2, moz:accessibilityChecks: false, moz:buildID: 20240419144423, moz:debuggerAddress: 127.0.0.1:18480, moz:geckodriverVersion: 0.31.0, moz:headless: false, moz:platformVersion: 10.0, moz:processID: 44344, moz:profile: C:\\Users\\manas\\AppData\\Loca..., moz:shutdownTimeout: 60000, moz:webdriverClick: true, moz:windowless: false, pageLoadStrategy: normal, platformName: WINDOWS, proxy: Proxy(), se:cdp: ws://127.0.0.1:18480/devtoo..., se:cdpVersion: 85.0, setWindowRect: true, strictFileInteractability: false, timeouts: {implicit: 0, pageLoad: 300000, script: 30000}, unhandledPromptBehavior: dismiss and notify, userAgent: Mozilla/5.0 (Windows NT 10....}\nElement: [[FirefoxDriver: firefox on WINDOWS (91445cc8-bdb9-4291-8846-7baf93e763e6)] -> xpath: //*[text()='User']]\nSession ID: 91445cc8-bdb9-4291-8846-7baf93e763e6","trace":"org.openqa.selenium.ElementClickInterceptedException: Element <span class=\"mat-button-wrapper\"> is not clickable at point (1157,32) because another element <div class=\"ng-tns-c132-3 p-dialog-mask p-component-overlay p-dialog-mask-scrollblocker ng-star-inserted\"> obscures it\nBuild info: version: '4.8.1', revision: '8ebccac989'\nSystem info: os.name: 'Windows 11', os.arch: 'amd64', os.version: '10.0', java.version: '19.0.2'\nDriver info: org.openqa.selenium.firefox.FirefoxDriver\nCommand: [91445cc8-bdb9-4291-8846-7baf93e763e6, clickElement {id=28e9a80b-7057-47df-9225-ac5efdcf4df1}]\nCapabilities {acceptInsecureCerts: true, browserName: firefox, browserVersion: 125.0.2, moz:accessibilityChecks: false, moz:buildID: 20240419144423, moz:debuggerAddress: 127.0.0.1:18480, moz:geckodriverVersion: 0.31.0, moz:headless: false, moz:platformVersion: 10.0, moz:processID: 44344, moz:profile: C:\\Users\\manas\\AppData\\Loca..., moz:shutdownTimeout: 60000, moz:webdriverClick: true, moz:windowless: false, pageLoadStrategy: normal, platformName: WINDOWS, proxy: Proxy(), se:cdp: ws://127.0.0.1:18480/devtoo..., se:cdpVersion: 85.0, setWindowRect: true, strictFileInteractability: false, timeouts: {implicit: 0, pageLoad: 300000, script: 30000}, unhandledPromptBehavior: dismiss and notify, userAgent: Mozilla/5.0 (Windows NT 10....}\nElement: [[FirefoxDriver: firefox on WINDOWS (91445cc8-bdb9-4291-8846-7baf93e763e6)] -> xpath: //*[text()='User']]\nSession ID: 91445cc8-bdb9-4291-8846-7baf93e763e6\r\n\tat java.base/jdk.internal.reflect.DirectConstructorHandleAccessor.newInstance(DirectConstructorHandleAccessor.java:67)\r\n\tat java.base/java.lang.reflect.Constructor.newInstanceWithCaller(Constructor.java:500)\r\n\tat java.base/java.lang.reflect.Constructor.newInstance(Constructor.java:484)\r\n\tat org.openqa.selenium.remote.codec.w3c.W3CHttpResponseCodec.createException(W3CHttpResponseCodec.java:200)\r\n\tat org.openqa.selenium.remote.codec.w3c.W3CHttpResponseCodec.decode(W3CHttpResponseCodec.java:133)\r\n\tat org.openqa.selenium.remote.codec.w3c.W3CHttpResponseCodec.decode(W3CHttpResponseCodec.java:53)\r\n\tat org.openqa.selenium.remote.HttpCommandExecutor.execute(HttpCommandExecutor.java:184)\r\n\tat org.openqa.selenium.remote.service.DriverCommandExecutor.invokeExecute(DriverCommandExecutor.java:167)\r\n\tat org.openqa.selenium.remote.service.DriverCommandExecutor.execute(DriverCommandExecutor.java:142)\r\n\tat org.openqa.selenium.remote.RemoteWebDriver.execute(RemoteWebDriver.java:543)\r\n\tat org.openqa.selenium.remote.RemoteWebElement.execute(RemoteWebElement.java:257)\r\n\tat org.openqa.selenium.remote.RemoteWebElement.click(RemoteWebElement.java:78)\r\n\tat pageObjectModel.UserPOM.user(UserPOM.java:123)\r\n\tat stepDefinitions.UserStepDef.admin_clicks_from_navigation_bar_dd(UserStepDef.java:33)\r\n\tat ✽.Admin clicks \"User\" from navigation bar-dk(file:///C:/Numpy_Ninja_2024/Team2_Selenium_Apr2024/src/test/resources/features/09UserValidation.feature:7)\r\n"},"stage":"finished","steps":[{"name":"Given Admin is on dashboard page after Login-dk","status":"passed","statusDetails":{"known":false,"muted":false,"flaky":false},"stage":"finished","steps":[],"attachments":[],"parameters":[],"start":1714613099705,"stop":1714613100736},{"name":"When Admin clicks \"User\" from navigation bar-dk","status":"broken","statusDetails":{"known":false,"muted":false,"flaky":false,"message":"Element <span class=\"mat-button-wrapper\"> is not clickable at point (1157,32) because another element <div class=\"ng-tns-c132-3 p-dialog-mask p-component-overlay p-dialog-mask-scrollblocker ng-star-inserted\"> obscures it\nBuild info: version: '4.8.1', revision: '8ebccac989'\nSystem info: os.name: 'Windows 11', os.arch: 'amd64', os.version: '10.0', java.version: '19.0.2'\nDriver info: org.openqa.selenium.firefox.FirefoxDriver\nCommand: [91445cc8-bdb9-4291-8846-7baf93e763e6, clickElement {id=28e9a80b-7057-47df-9225-ac5efdcf4df1}]\nCapabilities {acceptInsecureCerts: true, browserName: firefox, browserVersion: 125.0.2, moz:accessibilityChecks: false, moz:buildID: 20240419144423, moz:debuggerAddress: 127.0.0.1:18480, moz:geckodriverVersion: 0.31.0, moz:headless: false, moz:platformVersion: 10.0, moz:processID: 44344, moz:profile: C:\\Users\\manas\\AppData\\Loca..., moz:shutdownTimeout: 60000, moz:webdriverClick: true, moz:windowless: false, pageLoadStrategy: normal, platformName: WINDOWS, proxy: Proxy(), se:cdp: ws://127.0.0.1:18480/devtoo..., se:cdpVersion: 85.0, setWindowRect: true, strictFileInteractability: false, timeouts: {implicit: 0, pageLoad: 300000, script: 30000}, unhandledPromptBehavior: dismiss and notify, userAgent: Mozilla/5.0 (Windows NT 10....}\nElement: [[FirefoxDriver: firefox on WINDOWS (91445cc8-bdb9-4291-8846-7baf93e763e6)] -> xpath: //*[text()='User']]\nSession ID: 91445cc8-bdb9-4291-8846-7baf93e763e6","trace":"org.openqa.selenium.ElementClickInterceptedException: Element <span class=\"mat-button-wrapper\"> is not clickable at point (1157,32) because another element <div class=\"ng-tns-c132-3 p-dialog-mask p-component-overlay p-dialog-mask-scrollblocker ng-star-inserted\"> obscures it\nBuild info: version: '4.8.1', revision: '8ebccac989'\nSystem info: os.name: 'Windows 11', os.arch: 'amd64', os.version: '10.0', java.version: '19.0.2'\nDriver info: org.openqa.selenium.firefox.FirefoxDriver\nCommand: [91445cc8-bdb9-4291-8846-7baf93e763e6, clickElement {id=28e9a80b-7057-47df-9225-ac5efdcf4df1}]\nCapabilities {acceptInsecureCerts: true, browserName: firefox, browserVersion: 125.0.2, moz:accessibilityChecks: false, moz:buildID: 20240419144423, moz:debuggerAddress: 127.0.0.1:18480, moz:geckodriverVersion: 0.31.0, moz:headless: false, moz:platformVersion: 10.0, moz:processID: 44344, moz:profile: C:\\Users\\manas\\AppData\\Loca..., moz:shutdownTimeout: 60000, moz:webdriverClick: true, moz:windowless: false, pageLoadStrategy: normal, platformName: WINDOWS, proxy: Proxy(), se:cdp: ws://127.0.0.1:18480/devtoo..., se:cdpVersion: 85.0, setWindowRect: true, strictFileInteractability: false, timeouts: {implicit: 0, pageLoad: 300000, script: 30000}, unhandledPromptBehavior: dismiss and notify, userAgent: Mozilla/5.0 (Windows NT 10....}\nElement: [[FirefoxDriver: firefox on WINDOWS (91445cc8-bdb9-4291-8846-7baf93e763e6)] -> xpath: //*[text()='User']]\nSession ID: 91445cc8-bdb9-4291-8846-7baf93e763e6\r\n\tat java.base/jdk.internal.reflect.DirectConstructorHandleAccessor.newInstance(DirectConstructorHandleAccessor.java:67)\r\n\tat java.base/java.lang.reflect.Constructor.newInstanceWithCaller(Constructor.java:500)\r\n\tat java.base/java.lang.reflect.Constructor.newInstance(Constructor.java:484)\r\n\tat org.openqa.selenium.remote.codec.w3c.W3CHttpResponseCodec.createException(W3CHttpResponseCodec.java:200)\r\n\tat org.openqa.selenium.remote.codec.w3c.W3CHttpResponseCodec.decode(W3CHttpResponseCodec.java:133)\r\n\tat org.openqa.selenium.remote.codec.w3c.W3CHttpResponseCodec.decode(W3CHttpResponseCodec.java:53)\r\n\tat org.openqa.selenium.remote.HttpCommandExecutor.execute(HttpCommandExecutor.java:184)\r\n\tat org.openqa.selenium.remote.service.DriverCommandExecutor.invokeExecute(DriverCommandExecutor.java:167)\r\n\tat org.openqa.selenium.remote.service.DriverCommandExecutor.execute(DriverCommandExecutor.java:142)\r\n\tat org.openqa.selenium.remote.RemoteWebDriver.execute(RemoteWebDriver.java:543)\r\n\tat org.openqa.selenium.remote.RemoteWebElement.execute(RemoteWebElement.java:257)\r\n\tat org.openqa.selenium.remote.RemoteWebElement.click(RemoteWebElement.java:78)\r\n\tat pageObjectModel.UserPOM.user(UserPOM.java:123)\r\n\tat stepDefinitions.UserStepDef.admin_clicks_from_navigation_bar_dd(UserStepDef.java:33)\r\n\tat ✽.Admin clicks \"User\" from navigation bar-dk(file:///C:/Numpy_Ninja_2024/Team2_Selenium_Apr2024/src/test/resources/features/09UserValidation.feature:7)\r\n"},"stage":"finished","steps":[],"attachments":[],"parameters":[],"start":1714613100736,"stop":1714613102760},{"name":"Then Admin should see a heading with text Manage user on the page","status":"skipped","statusDetails":{"known":false,"muted":false,"flaky":false},"stage":"finished","steps":[],"attachments":[],"parameters":[],"start":1714613102761,"stop":1714613102761}],"attachments":[],"parameters":[],"start":1714613099705,"stop":1714613102896}