{"uuid":"4910a731-0518-4924-9176-2fad41d51845","historyId":"b78dae45ac65d887ad842d9d28cada91","testCaseId":"2135b66bc067840ad4453a528a91e299","fullName":"src/test/resources/features/08UserValidation.feature:30","labels":[{"name":"tag","value":"userPageModule"},{"name":"tag","value":"Userpagevalidation6"},{"name":"host","value":"ManasPC"},{"name":"thread","value":"1640@ManasPC.main(1)"},{"name":"feature","value":"UserPageValidation Module"},{"name":"story","value":"Validate \"+ A New user\" button in User Page"},{"name":"suite","value":"UserPageValidation Module"},{"name":"testClass","value":"Validate \"+ A New user\" button in User Page"},{"name":"framework","value":"cucumber4jvm"},{"name":"language","value":"java"},{"name":"gherkin_uri","value":"file:///C:/Numpy_Ninja_2024/Team2_Selenium_Apr2024/src/test/resources/features/08UserValidation.feature"},{"name":"package","value":"src.test.resources.features.08UserValidation_feature.UserPageValidation Module"}],"links":[],"name":"Validate \"+ A New user\" button in User Page","status":"broken","statusDetails":{"known":false,"muted":false,"flaky":false,"message":"Element <span class=\"mat-button-wrapper\"> is not clickable at point (1157,32) because another element <div class=\"ng-tns-c132-6 p-dialog-mask p-component-overlay p-dialog-mask-scrollblocker ng-star-inserted\"> obscures it\nBuild info: version: '4.8.1', revision: '8ebccac989'\nSystem info: os.name: 'Windows 11', os.arch: 'amd64', os.version: '10.0', java.version: '19.0.2'\nDriver info: org.openqa.selenium.firefox.FirefoxDriver\nCommand: [f0b7a54b-9a78-499e-b70b-e240dc5492d8, clickElement {id=82be5e3f-7af0-43a5-9808-2046d64d9071}]\nCapabilities {acceptInsecureCerts: true, browserName: firefox, browserVersion: 125.0.2, moz:accessibilityChecks: false, moz:buildID: 20240419144423, moz:debuggerAddress: 127.0.0.1:24110, moz:geckodriverVersion: 0.31.0, moz:headless: false, moz:platformVersion: 10.0, moz:processID: 43168, moz:profile: C:\\Users\\manas\\AppData\\Loca..., moz:shutdownTimeout: 60000, moz:webdriverClick: true, moz:windowless: false, pageLoadStrategy: normal, platformName: WINDOWS, proxy: Proxy(), se:cdp: ws://127.0.0.1:24110/devtoo..., se:cdpVersion: 85.0, setWindowRect: true, strictFileInteractability: false, timeouts: {implicit: 0, pageLoad: 300000, script: 30000}, unhandledPromptBehavior: dismiss and notify, userAgent: Mozilla/5.0 (Windows NT 10....}\nElement: [[FirefoxDriver: firefox on WINDOWS (f0b7a54b-9a78-499e-b70b-e240dc5492d8)] -> xpath: //*[text()='User']]\nSession ID: f0b7a54b-9a78-499e-b70b-e240dc5492d8","trace":"org.openqa.selenium.ElementClickInterceptedException: Element <span class=\"mat-button-wrapper\"> is not clickable at point (1157,32) because another element <div class=\"ng-tns-c132-6 p-dialog-mask p-component-overlay p-dialog-mask-scrollblocker ng-star-inserted\"> obscures it\nBuild info: version: '4.8.1', revision: '8ebccac989'\nSystem info: os.name: 'Windows 11', os.arch: 'amd64', os.version: '10.0', java.version: '19.0.2'\nDriver info: org.openqa.selenium.firefox.FirefoxDriver\nCommand: [f0b7a54b-9a78-499e-b70b-e240dc5492d8, clickElement {id=82be5e3f-7af0-43a5-9808-2046d64d9071}]\nCapabilities {acceptInsecureCerts: true, browserName: firefox, browserVersion: 125.0.2, moz:accessibilityChecks: false, moz:buildID: 20240419144423, moz:debuggerAddress: 127.0.0.1:24110, moz:geckodriverVersion: 0.31.0, moz:headless: false, moz:platformVersion: 10.0, moz:processID: 43168, moz:profile: C:\\Users\\manas\\AppData\\Loca..., moz:shutdownTimeout: 60000, moz:webdriverClick: true, moz:windowless: false, pageLoadStrategy: normal, platformName: WINDOWS, proxy: Proxy(), se:cdp: ws://127.0.0.1:24110/devtoo..., se:cdpVersion: 85.0, setWindowRect: true, strictFileInteractability: false, timeouts: {implicit: 0, pageLoad: 300000, script: 30000}, unhandledPromptBehavior: dismiss and notify, userAgent: Mozilla/5.0 (Windows NT 10....}\nElement: [[FirefoxDriver: firefox on WINDOWS (f0b7a54b-9a78-499e-b70b-e240dc5492d8)] -> xpath: //*[text()='User']]\nSession ID: f0b7a54b-9a78-499e-b70b-e240dc5492d8\r\n\tat java.base/jdk.internal.reflect.DirectConstructorHandleAccessor.newInstance(DirectConstructorHandleAccessor.java:67)\r\n\tat java.base/java.lang.reflect.Constructor.newInstanceWithCaller(Constructor.java:500)\r\n\tat java.base/java.lang.reflect.Constructor.newInstance(Constructor.java:484)\r\n\tat org.openqa.selenium.remote.codec.w3c.W3CHttpResponseCodec.createException(W3CHttpResponseCodec.java:200)\r\n\tat org.openqa.selenium.remote.codec.w3c.W3CHttpResponseCodec.decode(W3CHttpResponseCodec.java:133)\r\n\tat org.openqa.selenium.remote.codec.w3c.W3CHttpResponseCodec.decode(W3CHttpResponseCodec.java:53)\r\n\tat org.openqa.selenium.remote.HttpCommandExecutor.execute(HttpCommandExecutor.java:184)\r\n\tat org.openqa.selenium.remote.service.DriverCommandExecutor.invokeExecute(DriverCommandExecutor.java:167)\r\n\tat org.openqa.selenium.remote.service.DriverCommandExecutor.execute(DriverCommandExecutor.java:142)\r\n\tat org.openqa.selenium.remote.RemoteWebDriver.execute(RemoteWebDriver.java:543)\r\n\tat org.openqa.selenium.remote.RemoteWebElement.execute(RemoteWebElement.java:257)\r\n\tat org.openqa.selenium.remote.RemoteWebElement.click(RemoteWebElement.java:78)\r\n\tat pageObjectModel.UserPage.userbtn(UserPage.java:30)\r\n\tat stepDefinitions.UserStepDef.admin_clicks_user_from_navigation_bar(UserStepDef.java:31)\r\n\tat ✽.Admin clicks User from navigation bar(file:///C:/Numpy_Ninja_2024/Team2_Selenium_Apr2024/src/test/resources/features/08UserValidation.feature:7)\r\n"},"stage":"finished","steps":[{"name":"Given Admin is on dashboard page after Login","status":"passed","statusDetails":{"known":false,"muted":false,"flaky":false},"stage":"finished","steps":[],"attachments":[],"parameters":[],"start":1714363202769,"stop":1714363202782},{"name":"When Admin clicks User from navigation bar","status":"broken","statusDetails":{"known":false,"muted":false,"flaky":false,"message":"Element <span class=\"mat-button-wrapper\"> is not clickable at point (1157,32) because another element <div class=\"ng-tns-c132-6 p-dialog-mask p-component-overlay p-dialog-mask-scrollblocker ng-star-inserted\"> obscures it\nBuild info: version: '4.8.1', revision: '8ebccac989'\nSystem info: os.name: 'Windows 11', os.arch: 'amd64', os.version: '10.0', java.version: '19.0.2'\nDriver info: org.openqa.selenium.firefox.FirefoxDriver\nCommand: [f0b7a54b-9a78-499e-b70b-e240dc5492d8, clickElement {id=82be5e3f-7af0-43a5-9808-2046d64d9071}]\nCapabilities {acceptInsecureCerts: true, browserName: firefox, browserVersion: 125.0.2, moz:accessibilityChecks: false, moz:buildID: 20240419144423, moz:debuggerAddress: 127.0.0.1:24110, moz:geckodriverVersion: 0.31.0, moz:headless: false, moz:platformVersion: 10.0, moz:processID: 43168, moz:profile: C:\\Users\\manas\\AppData\\Loca..., moz:shutdownTimeout: 60000, moz:webdriverClick: true, moz:windowless: false, pageLoadStrategy: normal, platformName: WINDOWS, proxy: Proxy(), se:cdp: ws://127.0.0.1:24110/devtoo..., se:cdpVersion: 85.0, setWindowRect: true, strictFileInteractability: false, timeouts: {implicit: 0, pageLoad: 300000, script: 30000}, unhandledPromptBehavior: dismiss and notify, userAgent: Mozilla/5.0 (Windows NT 10....}\nElement: [[FirefoxDriver: firefox on WINDOWS (f0b7a54b-9a78-499e-b70b-e240dc5492d8)] -> xpath: //*[text()='User']]\nSession ID: f0b7a54b-9a78-499e-b70b-e240dc5492d8","trace":"org.openqa.selenium.ElementClickInterceptedException: Element <span class=\"mat-button-wrapper\"> is not clickable at point (1157,32) because another element <div class=\"ng-tns-c132-6 p-dialog-mask p-component-overlay p-dialog-mask-scrollblocker ng-star-inserted\"> obscures it\nBuild info: version: '4.8.1', revision: '8ebccac989'\nSystem info: os.name: 'Windows 11', os.arch: 'amd64', os.version: '10.0', java.version: '19.0.2'\nDriver info: org.openqa.selenium.firefox.FirefoxDriver\nCommand: [f0b7a54b-9a78-499e-b70b-e240dc5492d8, clickElement {id=82be5e3f-7af0-43a5-9808-2046d64d9071}]\nCapabilities {acceptInsecureCerts: true, browserName: firefox, browserVersion: 125.0.2, moz:accessibilityChecks: false, moz:buildID: 20240419144423, moz:debuggerAddress: 127.0.0.1:24110, moz:geckodriverVersion: 0.31.0, moz:headless: false, moz:platformVersion: 10.0, moz:processID: 43168, moz:profile: C:\\Users\\manas\\AppData\\Loca..., moz:shutdownTimeout: 60000, moz:webdriverClick: true, moz:windowless: false, pageLoadStrategy: normal, platformName: WINDOWS, proxy: Proxy(), se:cdp: ws://127.0.0.1:24110/devtoo..., se:cdpVersion: 85.0, setWindowRect: true, strictFileInteractability: false, timeouts: {implicit: 0, pageLoad: 300000, script: 30000}, unhandledPromptBehavior: dismiss and notify, userAgent: Mozilla/5.0 (Windows NT 10....}\nElement: [[FirefoxDriver: firefox on WINDOWS (f0b7a54b-9a78-499e-b70b-e240dc5492d8)] -> xpath: //*[text()='User']]\nSession ID: f0b7a54b-9a78-499e-b70b-e240dc5492d8\r\n\tat java.base/jdk.internal.reflect.DirectConstructorHandleAccessor.newInstance(DirectConstructorHandleAccessor.java:67)\r\n\tat java.base/java.lang.reflect.Constructor.newInstanceWithCaller(Constructor.java:500)\r\n\tat java.base/java.lang.reflect.Constructor.newInstance(Constructor.java:484)\r\n\tat org.openqa.selenium.remote.codec.w3c.W3CHttpResponseCodec.createException(W3CHttpResponseCodec.java:200)\r\n\tat org.openqa.selenium.remote.codec.w3c.W3CHttpResponseCodec.decode(W3CHttpResponseCodec.java:133)\r\n\tat org.openqa.selenium.remote.codec.w3c.W3CHttpResponseCodec.decode(W3CHttpResponseCodec.java:53)\r\n\tat org.openqa.selenium.remote.HttpCommandExecutor.execute(HttpCommandExecutor.java:184)\r\n\tat org.openqa.selenium.remote.service.DriverCommandExecutor.invokeExecute(DriverCommandExecutor.java:167)\r\n\tat org.openqa.selenium.remote.service.DriverCommandExecutor.execute(DriverCommandExecutor.java:142)\r\n\tat org.openqa.selenium.remote.RemoteWebDriver.execute(RemoteWebDriver.java:543)\r\n\tat org.openqa.selenium.remote.RemoteWebElement.execute(RemoteWebElement.java:257)\r\n\tat org.openqa.selenium.remote.RemoteWebElement.click(RemoteWebElement.java:78)\r\n\tat pageObjectModel.UserPage.userbtn(UserPage.java:30)\r\n\tat stepDefinitions.UserStepDef.admin_clicks_user_from_navigation_bar(UserStepDef.java:31)\r\n\tat ✽.Admin clicks User from navigation bar(file:///C:/Numpy_Ninja_2024/Team2_Selenium_Apr2024/src/test/resources/features/08UserValidation.feature:7)\r\n"},"stage":"finished","steps":[],"attachments":[],"parameters":[],"start":1714363202782,"stop":1714363202802},{"name":"Then Admin should be able to see the A New User button above the data table","status":"skipped","statusDetails":{"known":false,"muted":false,"flaky":false},"stage":"finished","steps":[],"attachments":[],"parameters":[],"start":1714363202803,"stop":1714363202804}],"attachments":[],"parameters":[],"start":1714363202769,"stop":1714363203054}