{"uuid":"c43624a4-067c-462f-a3b5-03990e25dea6","historyId":"d9ee923ef94f543cd16ae78371b67e99","testCaseId":"dfae5ffadcf1e50531e527ec47fe69b9","fullName":"src/test/resources/features/14userEdit.feature:18","labels":[{"name":"host","value":"ManasPC"},{"name":"thread","value":"47536@ManasPC.main(1)"},{"name":"feature","value":"Edit user"},{"name":"story","value":"Check if the fields are updated with examples data"},{"name":"suite","value":"Edit user"},{"name":"testClass","value":"Check if the fields are updated with examples data"},{"name":"framework","value":"cucumber4jvm"},{"name":"language","value":"java"},{"name":"gherkin_uri","value":"file:///C:/Numpy_Ninja_2024/Team2_Selenium_Apr2024/src/test/resources/features/14userEdit.feature"},{"name":"package","value":"src.test.resources.features.14userEdit_feature.Edit user"}],"links":[],"name":"Check if the fields are updated with examples data","status":"broken","statusDetails":{"known":false,"muted":false,"flaky":false,"message":"Element <span class=\"mat-button-wrapper\"> is not clickable at point (1157,32) because another element <div class=\"ng-tns-c132-156 p-dialog-mask p-component-overlay p-dialog-mask-scrollblocker ng-star-inserted\"> obscures it\nBuild info: version: '4.8.1', revision: '8ebccac989'\nSystem info: os.name: 'Windows 11', os.arch: 'amd64', os.version: '10.0', java.version: '19.0.2'\nDriver info: org.openqa.selenium.firefox.FirefoxDriver\nCommand: [078140cd-f154-461f-bbd2-e1cc160d3bdf, clickElement {id=7979dbc5-5629-475e-88f6-59008ee0ce2c}]\nCapabilities {acceptInsecureCerts: true, browserName: firefox, browserVersion: 125.0.2, moz:accessibilityChecks: false, moz:buildID: 20240419144423, moz:debuggerAddress: 127.0.0.1:48330, moz:geckodriverVersion: 0.31.0, moz:headless: false, moz:platformVersion: 10.0, moz:processID: 57728, moz:profile: C:\\Users\\manas\\AppData\\Loca..., moz:shutdownTimeout: 60000, moz:webdriverClick: true, moz:windowless: false, pageLoadStrategy: normal, platformName: WINDOWS, proxy: Proxy(), se:cdp: ws://127.0.0.1:48330/devtoo..., se:cdpVersion: 85.0, setWindowRect: true, strictFileInteractability: false, timeouts: {implicit: 0, pageLoad: 300000, script: 30000}, unhandledPromptBehavior: dismiss and notify, userAgent: Mozilla/5.0 (Windows NT 10....}\nElement: [[FirefoxDriver: firefox on WINDOWS (078140cd-f154-461f-bbd2-e1cc160d3bdf)] -> xpath: //*[text()='User']]\nSession ID: 078140cd-f154-461f-bbd2-e1cc160d3bdf","trace":"org.openqa.selenium.ElementClickInterceptedException: Element <span class=\"mat-button-wrapper\"> is not clickable at point (1157,32) because another element <div class=\"ng-tns-c132-156 p-dialog-mask p-component-overlay p-dialog-mask-scrollblocker ng-star-inserted\"> obscures it\nBuild info: version: '4.8.1', revision: '8ebccac989'\nSystem info: os.name: 'Windows 11', os.arch: 'amd64', os.version: '10.0', java.version: '19.0.2'\nDriver info: org.openqa.selenium.firefox.FirefoxDriver\nCommand: [078140cd-f154-461f-bbd2-e1cc160d3bdf, clickElement {id=7979dbc5-5629-475e-88f6-59008ee0ce2c}]\nCapabilities {acceptInsecureCerts: true, browserName: firefox, browserVersion: 125.0.2, moz:accessibilityChecks: false, moz:buildID: 20240419144423, moz:debuggerAddress: 127.0.0.1:48330, moz:geckodriverVersion: 0.31.0, moz:headless: false, moz:platformVersion: 10.0, moz:processID: 57728, moz:profile: C:\\Users\\manas\\AppData\\Loca..., moz:shutdownTimeout: 60000, moz:webdriverClick: true, moz:windowless: false, pageLoadStrategy: normal, platformName: WINDOWS, proxy: Proxy(), se:cdp: ws://127.0.0.1:48330/devtoo..., se:cdpVersion: 85.0, setWindowRect: true, strictFileInteractability: false, timeouts: {implicit: 0, pageLoad: 300000, script: 30000}, unhandledPromptBehavior: dismiss and notify, userAgent: Mozilla/5.0 (Windows NT 10....}\nElement: [[FirefoxDriver: firefox on WINDOWS (078140cd-f154-461f-bbd2-e1cc160d3bdf)] -> xpath: //*[text()='User']]\nSession ID: 078140cd-f154-461f-bbd2-e1cc160d3bdf\r\n\tat java.base/jdk.internal.reflect.DirectConstructorHandleAccessor.newInstance(DirectConstructorHandleAccessor.java:67)\r\n\tat java.base/java.lang.reflect.Constructor.newInstanceWithCaller(Constructor.java:500)\r\n\tat java.base/java.lang.reflect.Constructor.newInstance(Constructor.java:484)\r\n\tat org.openqa.selenium.remote.codec.w3c.W3CHttpResponseCodec.createException(W3CHttpResponseCodec.java:200)\r\n\tat org.openqa.selenium.remote.codec.w3c.W3CHttpResponseCodec.decode(W3CHttpResponseCodec.java:133)\r\n\tat org.openqa.selenium.remote.codec.w3c.W3CHttpResponseCodec.decode(W3CHttpResponseCodec.java:53)\r\n\tat org.openqa.selenium.remote.HttpCommandExecutor.execute(HttpCommandExecutor.java:184)\r\n\tat org.openqa.selenium.remote.service.DriverCommandExecutor.invokeExecute(DriverCommandExecutor.java:167)\r\n\tat org.openqa.selenium.remote.service.DriverCommandExecutor.execute(DriverCommandExecutor.java:142)\r\n\tat org.openqa.selenium.remote.RemoteWebDriver.execute(RemoteWebDriver.java:543)\r\n\tat org.openqa.selenium.remote.RemoteWebElement.execute(RemoteWebElement.java:257)\r\n\tat org.openqa.selenium.remote.RemoteWebElement.click(RemoteWebElement.java:78)\r\n\tat pageObjectModel.UserPOM.user(UserPOM.java:156)\r\n\tat stepDefinitions.UserStepDef.admin_clicks_from_navigation_bar_dd(UserStepDef.java:32)\r\n\tat ✽.Admin clicks \"User\" from navigation bar-dk(file:///C:/Numpy_Ninja_2024/Team2_Selenium_Apr2024/src/test/resources/features/14userEdit.feature:6)\r\n"},"stage":"finished","steps":[{"name":"Given Admin is on dashboard page after Login-dk","status":"passed","statusDetails":{"known":false,"muted":false,"flaky":false},"stage":"finished","steps":[],"attachments":[],"parameters":[],"start":1714618345559,"stop":1714618346582},{"name":"When Admin clicks \"User\" from navigation bar-dk","status":"broken","statusDetails":{"known":false,"muted":false,"flaky":false,"message":"Element <span class=\"mat-button-wrapper\"> is not clickable at point (1157,32) because another element <div class=\"ng-tns-c132-156 p-dialog-mask p-component-overlay p-dialog-mask-scrollblocker ng-star-inserted\"> obscures it\nBuild info: version: '4.8.1', revision: '8ebccac989'\nSystem info: os.name: 'Windows 11', os.arch: 'amd64', os.version: '10.0', java.version: '19.0.2'\nDriver info: org.openqa.selenium.firefox.FirefoxDriver\nCommand: [078140cd-f154-461f-bbd2-e1cc160d3bdf, clickElement {id=7979dbc5-5629-475e-88f6-59008ee0ce2c}]\nCapabilities {acceptInsecureCerts: true, browserName: firefox, browserVersion: 125.0.2, moz:accessibilityChecks: false, moz:buildID: 20240419144423, moz:debuggerAddress: 127.0.0.1:48330, moz:geckodriverVersion: 0.31.0, moz:headless: false, moz:platformVersion: 10.0, moz:processID: 57728, moz:profile: C:\\Users\\manas\\AppData\\Loca..., moz:shutdownTimeout: 60000, moz:webdriverClick: true, moz:windowless: false, pageLoadStrategy: normal, platformName: WINDOWS, proxy: Proxy(), se:cdp: ws://127.0.0.1:48330/devtoo..., se:cdpVersion: 85.0, setWindowRect: true, strictFileInteractability: false, timeouts: {implicit: 0, pageLoad: 300000, script: 30000}, unhandledPromptBehavior: dismiss and notify, userAgent: Mozilla/5.0 (Windows NT 10....}\nElement: [[FirefoxDriver: firefox on WINDOWS (078140cd-f154-461f-bbd2-e1cc160d3bdf)] -> xpath: //*[text()='User']]\nSession ID: 078140cd-f154-461f-bbd2-e1cc160d3bdf","trace":"org.openqa.selenium.ElementClickInterceptedException: Element <span class=\"mat-button-wrapper\"> is not clickable at point (1157,32) because another element <div class=\"ng-tns-c132-156 p-dialog-mask p-component-overlay p-dialog-mask-scrollblocker ng-star-inserted\"> obscures it\nBuild info: version: '4.8.1', revision: '8ebccac989'\nSystem info: os.name: 'Windows 11', os.arch: 'amd64', os.version: '10.0', java.version: '19.0.2'\nDriver info: org.openqa.selenium.firefox.FirefoxDriver\nCommand: [078140cd-f154-461f-bbd2-e1cc160d3bdf, clickElement {id=7979dbc5-5629-475e-88f6-59008ee0ce2c}]\nCapabilities {acceptInsecureCerts: true, browserName: firefox, browserVersion: 125.0.2, moz:accessibilityChecks: false, moz:buildID: 20240419144423, moz:debuggerAddress: 127.0.0.1:48330, moz:geckodriverVersion: 0.31.0, moz:headless: false, moz:platformVersion: 10.0, moz:processID: 57728, moz:profile: C:\\Users\\manas\\AppData\\Loca..., moz:shutdownTimeout: 60000, moz:webdriverClick: true, moz:windowless: false, pageLoadStrategy: normal, platformName: WINDOWS, proxy: Proxy(), se:cdp: ws://127.0.0.1:48330/devtoo..., se:cdpVersion: 85.0, setWindowRect: true, strictFileInteractability: false, timeouts: {implicit: 0, pageLoad: 300000, script: 30000}, unhandledPromptBehavior: dismiss and notify, userAgent: Mozilla/5.0 (Windows NT 10....}\nElement: [[FirefoxDriver: firefox on WINDOWS (078140cd-f154-461f-bbd2-e1cc160d3bdf)] -> xpath: //*[text()='User']]\nSession ID: 078140cd-f154-461f-bbd2-e1cc160d3bdf\r\n\tat java.base/jdk.internal.reflect.DirectConstructorHandleAccessor.newInstance(DirectConstructorHandleAccessor.java:67)\r\n\tat java.base/java.lang.reflect.Constructor.newInstanceWithCaller(Constructor.java:500)\r\n\tat java.base/java.lang.reflect.Constructor.newInstance(Constructor.java:484)\r\n\tat org.openqa.selenium.remote.codec.w3c.W3CHttpResponseCodec.createException(W3CHttpResponseCodec.java:200)\r\n\tat org.openqa.selenium.remote.codec.w3c.W3CHttpResponseCodec.decode(W3CHttpResponseCodec.java:133)\r\n\tat org.openqa.selenium.remote.codec.w3c.W3CHttpResponseCodec.decode(W3CHttpResponseCodec.java:53)\r\n\tat org.openqa.selenium.remote.HttpCommandExecutor.execute(HttpCommandExecutor.java:184)\r\n\tat org.openqa.selenium.remote.service.DriverCommandExecutor.invokeExecute(DriverCommandExecutor.java:167)\r\n\tat org.openqa.selenium.remote.service.DriverCommandExecutor.execute(DriverCommandExecutor.java:142)\r\n\tat org.openqa.selenium.remote.RemoteWebDriver.execute(RemoteWebDriver.java:543)\r\n\tat org.openqa.selenium.remote.RemoteWebElement.execute(RemoteWebElement.java:257)\r\n\tat org.openqa.selenium.remote.RemoteWebElement.click(RemoteWebElement.java:78)\r\n\tat pageObjectModel.UserPOM.user(UserPOM.java:156)\r\n\tat stepDefinitions.UserStepDef.admin_clicks_from_navigation_bar_dd(UserStepDef.java:32)\r\n\tat ✽.Admin clicks \"User\" from navigation bar-dk(file:///C:/Numpy_Ninja_2024/Team2_Selenium_Apr2024/src/test/resources/features/14userEdit.feature:6)\r\n"},"stage":"finished","steps":[],"attachments":[],"parameters":[],"start":1714618346582,"stop":1714618348594},{"name":"And Admin clicks on the edit icon-dd","status":"skipped","statusDetails":{"known":false,"muted":false,"flaky":false},"stage":"finished","steps":[],"attachments":[],"parameters":[],"start":1714618348595,"stop":1714618348596},{"name":"When Update the fields with\"fails\" \"teamtwoqa\"\"QAAaA\" \"Tester\" \"Tampa\" \"9999999999\" \"\" \"\"\"\" \"\" \"\" data and click submit","status":"skipped","statusDetails":{"known":false,"muted":false,"flaky":false},"stage":"finished","steps":[],"attachments":[],"parameters":[],"start":1714618348596,"stop":1714618348596},{"name":"Then Admin gets \"valid data in mandatory fields\" and see the updated values in data table","status":"skipped","statusDetails":{"known":false,"muted":false,"flaky":false},"stage":"finished","steps":[],"attachments":[],"parameters":[],"start":1714618348596,"stop":1714618348596}],"attachments":[],"parameters":[{"name":"data","value":"fails"},{"name":"firstname","value":"teamtwoqa"},{"name":"middlename","value":"QAAaA"},{"name":"lastname","value":"Tester"},{"name":"location","value":"Tampa"},{"name":"phone_number","value":"9999999999"},{"name":"url","value":""},{"name":"mail_id","value":""},{"name":"comments","value":""},{"name":"UG","value":""},{"name":"PG","value":""},{"name":"message","value":"valid data in mandatory fields"}],"start":1714618345558,"stop":1714618348831}