<?xml version="1.0" encoding="UTF-8"?>
<!-- Generated by org.testng.reporters.JUnitReportReporter -->
<testsuite hostname="ManasPC" failures="0" tests="23" name="testRunner.TestRun" time="35.960" errors="3" timestamp="2024-04-28T13:57:34 EDT" skipped="0">
  <testcase classname="testRunner.TestRun" name="runScenario" time="0.334"/>
  <system-out/>
  <testcase classname="testRunner.TestRun" name="runScenario" time="0.648"/>
  <system-out/>
  <testcase classname="testRunner.TestRun" name="runScenario" time="5.693">
    <error message="Unable to locate element: //*[@id=&#039;errormessage&#039;]
For documentation on this error, please visit: https://selenium.dev/exceptions/#no_such_element
Build info: version: &#039;4.8.1&#039;, revision: &#039;8ebccac989&#039;
System info: os.name: &#039;Windows 11&#039;, os.arch: &#039;amd64&#039;, os.version: &#039;10.0&#039;, java.version: &#039;19.0.2&#039;
Driver info: org.openqa.selenium.firefox.FirefoxDriver
Command: [1096d661-eb87-4636-ac01-2cd79e6c7de7, findElement {using=xpath, value=//*[@id=&#039;errormessage&#039;]}]
Capabilities {acceptInsecureCerts: true, browserName: firefox, browserVersion: 125.0.2, moz:accessibilityChecks: false, moz:buildID: 20240419144423, moz:debuggerAddress: 127.0.0.1:7988, moz:geckodriverVersion: 0.31.0, moz:headless: false, moz:platformVersion: 10.0, moz:processID: 16884, moz:profile: C:\Users\manas\AppData\Loca..., moz:shutdownTimeout: 60000, moz:webdriverClick: true, moz:windowless: false, pageLoadStrategy: normal, platformName: WINDOWS, proxy: Proxy(), se:cdp: ws://127.0.0.1:7988/devtool..., se:cdpVersion: 85.0, setWindowRect: true, strictFileInteractability: false, timeouts: {implicit: 0, pageLoad: 300000, script: 30000}, unhandledPromptBehavior: dismiss and notify, userAgent: Mozilla/5.0 (Windows NT 10....}
Session ID: 1096d661-eb87-4636-ac01-2cd79e6c7de7" type="org.openqa.selenium.NoSuchElementException">
      <![CDATA[org.openqa.selenium.NoSuchElementException: Unable to locate element: //*[@id='errormessage']
For documentation on this error, please visit: https://selenium.dev/exceptions/#no_such_element
Build info: version: '4.8.1', revision: '8ebccac989'
System info: os.name: 'Windows 11', os.arch: 'amd64', os.version: '10.0', java.version: '19.0.2'
Driver info: org.openqa.selenium.firefox.FirefoxDriver
Command: [1096d661-eb87-4636-ac01-2cd79e6c7de7, findElement {using=xpath, value=//*[@id='errormessage']}]
Capabilities {acceptInsecureCerts: true, browserName: firefox, browserVersion: 125.0.2, moz:accessibilityChecks: false, moz:buildID: 20240419144423, moz:debuggerAddress: 127.0.0.1:7988, moz:geckodriverVersion: 0.31.0, moz:headless: false, moz:platformVersion: 10.0, moz:processID: 16884, moz:profile: C:\Users\manas\AppData\Loca..., moz:shutdownTimeout: 60000, moz:webdriverClick: true, moz:windowless: false, pageLoadStrategy: normal, platformName: WINDOWS, proxy: Proxy(), se:cdp: ws://127.0.0.1:7988/devtool..., se:cdpVersion: 85.0, setWindowRect: true, strictFileInteractability: false, timeouts: {implicit: 0, pageLoad: 300000, script: 30000}, unhandledPromptBehavior: dismiss and notify, userAgent: Mozilla/5.0 (Windows NT 10....}
Session ID: 1096d661-eb87-4636-ac01-2cd79e6c7de7
at java.base/jdk.internal.reflect.DirectConstructorHandleAccessor.newInstance(DirectConstructorHandleAccessor.java:67)
at java.base/java.lang.reflect.Constructor.newInstanceWithCaller(Constructor.java:500)
at java.base/java.lang.reflect.Constructor.newInstance(Constructor.java:484)
at org.openqa.selenium.remote.codec.w3c.W3CHttpResponseCodec.createException(W3CHttpResponseCodec.java:200)
at org.openqa.selenium.remote.codec.w3c.W3CHttpResponseCodec.decode(W3CHttpResponseCodec.java:133)
at org.openqa.selenium.remote.codec.w3c.W3CHttpResponseCodec.decode(W3CHttpResponseCodec.java:53)
at org.openqa.selenium.remote.HttpCommandExecutor.execute(HttpCommandExecutor.java:184)
at org.openqa.selenium.remote.service.DriverCommandExecutor.invokeExecute(DriverCommandExecutor.java:167)
at org.openqa.selenium.remote.service.DriverCommandExecutor.execute(DriverCommandExecutor.java:142)
at org.openqa.selenium.remote.RemoteWebDriver.execute(RemoteWebDriver.java:543)
at org.openqa.selenium.remote.ElementLocation$ElementFinder$2.findElement(ElementLocation.java:162)
at org.openqa.selenium.remote.ElementLocation.findElement(ElementLocation.java:60)
at org.openqa.selenium.remote.RemoteWebDriver.findElement(RemoteWebDriver.java:352)
at org.openqa.selenium.remote.RemoteWebDriver.findElement(RemoteWebDriver.java:344)
at org.openqa.selenium.support.pagefactory.DefaultElementLocator.findElement(DefaultElementLocator.java:70)
at org.openqa.selenium.support.pagefactory.internal.LocatingElementHandler.invoke(LocatingElementHandler.java:39)
at jdk.proxy2/jdk.proxy2.$Proxy45.getText(Unknown Source)
at pageObjectModel.LoginPage.CheckErrorMessage(LoginPage.java:347)
at stepDefinitions.LoginStepDef.error_message_please_check_username_password(LoginStepDef.java:182)
at ✽.Error message please check username/password(file:///C:/Numpy_Ninja_2024/Team2_Selenium_Apr2024/src/test/resources/features/login.feature:138)
]]>
    </error>
  </testcase> <!-- runScenario -->
  <system-out/>
  <testcase classname="testRunner.TestRun" name="tearDownClass" time="2.933">
    <error message="Tried to run command without establishing a connection
Build info: version: &#039;4.8.1&#039;, revision: &#039;8ebccac989&#039;
System info: os.name: &#039;Windows 11&#039;, os.arch: &#039;amd64&#039;, os.version: &#039;10.0&#039;, java.version: &#039;19.0.2&#039;
Driver info: org.openqa.selenium.firefox.FirefoxDriver
Command: [1096d661-eb87-4636-ac01-2cd79e6c7de7, quit {}]
Capabilities {acceptInsecureCerts: true, browserName: firefox, browserVersion: 125.0.2, moz:accessibilityChecks: false, moz:buildID: 20240419144423, moz:debuggerAddress: 127.0.0.1:7988, moz:geckodriverVersion: 0.31.0, moz:headless: false, moz:platformVersion: 10.0, moz:processID: 16884, moz:profile: C:\Users\manas\AppData\Loca..., moz:shutdownTimeout: 60000, moz:webdriverClick: true, moz:windowless: false, pageLoadStrategy: normal, platformName: WINDOWS, proxy: Proxy(), se:cdp: ws://127.0.0.1:7988/devtool..., se:cdpVersion: 85.0, setWindowRect: true, strictFileInteractability: false, timeouts: {implicit: 0, pageLoad: 300000, script: 30000}, unhandledPromptBehavior: dismiss and notify, userAgent: Mozilla/5.0 (Windows NT 10....}
Session ID: 1096d661-eb87-4636-ac01-2cd79e6c7de7" type="org.openqa.selenium.NoSuchSessionException">
      <![CDATA[org.openqa.selenium.NoSuchSessionException: Tried to run command without establishing a connection
Build info: version: '4.8.1', revision: '8ebccac989'
System info: os.name: 'Windows 11', os.arch: 'amd64', os.version: '10.0', java.version: '19.0.2'
Driver info: org.openqa.selenium.firefox.FirefoxDriver
Command: [1096d661-eb87-4636-ac01-2cd79e6c7de7, quit {}]
Capabilities {acceptInsecureCerts: true, browserName: firefox, browserVersion: 125.0.2, moz:accessibilityChecks: false, moz:buildID: 20240419144423, moz:debuggerAddress: 127.0.0.1:7988, moz:geckodriverVersion: 0.31.0, moz:headless: false, moz:platformVersion: 10.0, moz:processID: 16884, moz:profile: C:\Users\manas\AppData\Loca..., moz:shutdownTimeout: 60000, moz:webdriverClick: true, moz:windowless: false, pageLoadStrategy: normal, platformName: WINDOWS, proxy: Proxy(), se:cdp: ws://127.0.0.1:7988/devtool..., se:cdpVersion: 85.0, setWindowRect: true, strictFileInteractability: false, timeouts: {implicit: 0, pageLoad: 300000, script: 30000}, unhandledPromptBehavior: dismiss and notify, userAgent: Mozilla/5.0 (Windows NT 10....}
Session ID: 1096d661-eb87-4636-ac01-2cd79e6c7de7
at java.base/jdk.internal.reflect.DirectConstructorHandleAccessor.newInstance(DirectConstructorHandleAccessor.java:67)
at java.base/java.lang.reflect.Constructor.newInstanceWithCaller(Constructor.java:500)
at java.base/java.lang.reflect.Constructor.newInstance(Constructor.java:484)
at org.openqa.selenium.remote.codec.w3c.W3CHttpResponseCodec.createException(W3CHttpResponseCodec.java:200)
at org.openqa.selenium.remote.codec.w3c.W3CHttpResponseCodec.decode(W3CHttpResponseCodec.java:133)
at org.openqa.selenium.remote.codec.w3c.W3CHttpResponseCodec.decode(W3CHttpResponseCodec.java:53)
at org.openqa.selenium.remote.HttpCommandExecutor.execute(HttpCommandExecutor.java:184)
at org.openqa.selenium.remote.service.DriverCommandExecutor.invokeExecute(DriverCommandExecutor.java:167)
at org.openqa.selenium.remote.service.DriverCommandExecutor.lambda$execute$1(DriverCommandExecutor.java:105)
at java.base/java.util.concurrent.CompletableFuture$AsyncSupply.run(CompletableFuture.java:1768)
at java.base/java.util.concurrent.ThreadPoolExecutor.runWorker(ThreadPoolExecutor.java:1144)
at java.base/java.util.concurrent.ThreadPoolExecutor$Worker.run(ThreadPoolExecutor.java:642)
at java.base/java.lang.Thread.run(Thread.java:1589)
]]>
    </error>
  </testcase> <!-- tearDownClass -->
  <system-out/>
  <testcase classname="testRunner.TestRun" name="runScenario" time="0.360"/>
  <system-out/>
  <testcase classname="testRunner.TestRun" name="runScenario" time="0.543"/>
  <system-out/>
  <testcase classname="testRunner.TestRun" name="runScenario" time="0.627"/>
  <system-out/>
  <testcase classname="testRunner.TestRun" name="runScenario" time="0.707"/>
  <system-out/>
  <testcase classname="testRunner.TestRun" name="runScenario" time="0.302"/>
  <system-out/>
  <testcase classname="testRunner.TestRun" name="runScenario" time="0.458"/>
  <system-out/>
  <testcase classname="testRunner.TestRun" name="runScenario" time="0.528"/>
  <system-out/>
  <testcase classname="testRunner.TestRun" name="runScenario" time="12.785"/>
  <system-out/>
  <testcase classname="testRunner.TestRun" name="runScenario" time="0.319"/>
  <system-out/>
  <testcase classname="testRunner.TestRun" name="runScenario" time="0.339"/>
  <system-out/>
  <testcase classname="testRunner.TestRun" name="runScenario" time="0.302"/>
  <system-out/>
  <testcase classname="testRunner.TestRun" name="runScenario" time="0.349"/>
  <system-out/>
  <testcase classname="testRunner.TestRun" name="runScenario" time="1.190"/>
  <system-out/>
  <testcase classname="testRunner.TestRun" name="runScenario" time="0.292"/>
  <system-out/>
  <testcase classname="testRunner.TestRun" name="runScenario" time="5.719">
    <error message="Unable to locate element: //*[@id=&#039;errormessage&#039;]
For documentation on this error, please visit: https://selenium.dev/exceptions/#no_such_element
Build info: version: &#039;4.8.1&#039;, revision: &#039;8ebccac989&#039;
System info: os.name: &#039;Windows 11&#039;, os.arch: &#039;amd64&#039;, os.version: &#039;10.0&#039;, java.version: &#039;19.0.2&#039;
Driver info: org.openqa.selenium.firefox.FirefoxDriver
Command: [1096d661-eb87-4636-ac01-2cd79e6c7de7, findElement {using=xpath, value=//*[@id=&#039;errormessage&#039;]}]
Capabilities {acceptInsecureCerts: true, browserName: firefox, browserVersion: 125.0.2, moz:accessibilityChecks: false, moz:buildID: 20240419144423, moz:debuggerAddress: 127.0.0.1:7988, moz:geckodriverVersion: 0.31.0, moz:headless: false, moz:platformVersion: 10.0, moz:processID: 16884, moz:profile: C:\Users\manas\AppData\Loca..., moz:shutdownTimeout: 60000, moz:webdriverClick: true, moz:windowless: false, pageLoadStrategy: normal, platformName: WINDOWS, proxy: Proxy(), se:cdp: ws://127.0.0.1:7988/devtool..., se:cdpVersion: 85.0, setWindowRect: true, strictFileInteractability: false, timeouts: {implicit: 0, pageLoad: 300000, script: 30000}, unhandledPromptBehavior: dismiss and notify, userAgent: Mozilla/5.0 (Windows NT 10....}
Session ID: 1096d661-eb87-4636-ac01-2cd79e6c7de7" type="org.openqa.selenium.NoSuchElementException">
      <![CDATA[org.openqa.selenium.NoSuchElementException: Unable to locate element: //*[@id='errormessage']
For documentation on this error, please visit: https://selenium.dev/exceptions/#no_such_element
Build info: version: '4.8.1', revision: '8ebccac989'
System info: os.name: 'Windows 11', os.arch: 'amd64', os.version: '10.0', java.version: '19.0.2'
Driver info: org.openqa.selenium.firefox.FirefoxDriver
Command: [1096d661-eb87-4636-ac01-2cd79e6c7de7, findElement {using=xpath, value=//*[@id='errormessage']}]
Capabilities {acceptInsecureCerts: true, browserName: firefox, browserVersion: 125.0.2, moz:accessibilityChecks: false, moz:buildID: 20240419144423, moz:debuggerAddress: 127.0.0.1:7988, moz:geckodriverVersion: 0.31.0, moz:headless: false, moz:platformVersion: 10.0, moz:processID: 16884, moz:profile: C:\Users\manas\AppData\Loca..., moz:shutdownTimeout: 60000, moz:webdriverClick: true, moz:windowless: false, pageLoadStrategy: normal, platformName: WINDOWS, proxy: Proxy(), se:cdp: ws://127.0.0.1:7988/devtool..., se:cdpVersion: 85.0, setWindowRect: true, strictFileInteractability: false, timeouts: {implicit: 0, pageLoad: 300000, script: 30000}, unhandledPromptBehavior: dismiss and notify, userAgent: Mozilla/5.0 (Windows NT 10....}
Session ID: 1096d661-eb87-4636-ac01-2cd79e6c7de7
at java.base/jdk.internal.reflect.DirectConstructorHandleAccessor.newInstance(DirectConstructorHandleAccessor.java:67)
at java.base/java.lang.reflect.Constructor.newInstanceWithCaller(Constructor.java:500)
at java.base/java.lang.reflect.Constructor.newInstance(Constructor.java:484)
at org.openqa.selenium.remote.codec.w3c.W3CHttpResponseCodec.createException(W3CHttpResponseCodec.java:200)
at org.openqa.selenium.remote.codec.w3c.W3CHttpResponseCodec.decode(W3CHttpResponseCodec.java:133)
at org.openqa.selenium.remote.codec.w3c.W3CHttpResponseCodec.decode(W3CHttpResponseCodec.java:53)
at org.openqa.selenium.remote.HttpCommandExecutor.execute(HttpCommandExecutor.java:184)
at org.openqa.selenium.remote.service.DriverCommandExecutor.invokeExecute(DriverCommandExecutor.java:167)
at org.openqa.selenium.remote.service.DriverCommandExecutor.execute(DriverCommandExecutor.java:142)
at org.openqa.selenium.remote.RemoteWebDriver.execute(RemoteWebDriver.java:543)
at org.openqa.selenium.remote.ElementLocation$ElementFinder$2.findElement(ElementLocation.java:162)
at org.openqa.selenium.remote.ElementLocation.findElement(ElementLocation.java:60)
at org.openqa.selenium.remote.RemoteWebDriver.findElement(RemoteWebDriver.java:352)
at org.openqa.selenium.remote.RemoteWebDriver.findElement(RemoteWebDriver.java:344)
at org.openqa.selenium.support.pagefactory.DefaultElementLocator.findElement(DefaultElementLocator.java:70)
at org.openqa.selenium.support.pagefactory.internal.LocatingElementHandler.invoke(LocatingElementHandler.java:39)
at jdk.proxy2/jdk.proxy2.$Proxy45.getText(Unknown Source)
at pageObjectModel.LoginPage.CheckErrorMessage(LoginPage.java:347)
at stepDefinitions.LoginStepDef.error_message_please_check_username_password(LoginStepDef.java:182)
at ✽.Error message please check username/password(file:///C:/Numpy_Ninja_2024/Team2_Selenium_Apr2024/src/test/resources/features/login.feature:131)
]]>
    </error>
  </testcase> <!-- runScenario -->
  <system-out/>
  <testcase classname="testRunner.TestRun" name="runScenario" time="0.309"/>
  <system-out/>
  <testcase classname="testRunner.TestRun" name="runScenario" time="0.341"/>
  <system-out/>
  <testcase classname="testRunner.TestRun" name="runScenario" time="0.547"/>
  <system-out/>
  <testcase classname="testRunner.TestRun" name="runScenario" time="0.335"/>
  <system-out/>
</testsuite> <!-- testRunner.TestRun -->
